<?xml version="1.0" encoding="UTF-8"?>
<!-- Generated by org.testng.reporters.JUnitReportReporter -->
<testsuite hostname="Sunil" failures="0" tests="1" name="E_commerce.Snapdeal" time="10.322" errors="0" timestamp="2023-08-23T16:50:55 IST" skipped="0">
  <testcase classname="E_commerce.Snapdeal" name="snapdealTest" time="10.322">
    <system-out>
      <![CDATA[opening sd]]>
    </system-out>
  </testcase> <!-- snapdealTest -->
  <system-out>
    <![CDATA[opening amazon
opening Flipkart
opening sd]]>
  </system-out>
</testsuite> <!-- E_commerce.Snapdeal -->
