<?xml version="1.0" encoding="UTF-8"?>
<!-- Generated by org.testng.reporters.JUnitReportReporter -->
<testsuite hostname="Sunil" failures="0" tests="1" name="E_commerce.Flipkart" time="30.711" errors="0" timestamp="2023-08-23T16:50:55 IST" skipped="0">
  <testcase classname="E_commerce.Flipkart" name="FlipkartTest" time="30.711">
    <system-out>
      <![CDATA[opening Flipkart]]>
    </system-out>
  </testcase> <!-- FlipkartTest -->
  <system-out>
    <![CDATA[opening amazon
opening Flipkart
opening sd]]>
  </system-out>
</testsuite> <!-- E_commerce.Flipkart -->
