<?xml version="1.0" encoding="UTF-8"?>
<!-- Generated by org.testng.reporters.JUnitReportReporter -->
<testsuite hostname="Sunil" failures="0" tests="1" name="E_commerce.amazon" time="32.571" errors="0" timestamp="2023-08-23T19:46:13 IST" skipped="0">
  <testcase classname="E_commerce.amazon" name="amazontest" time="32.571">
    <system-out>
      <![CDATA[opening amazon]]>
    </system-out>
  </testcase> <!-- amazontest -->
  <system-out>
    <![CDATA[opening amazon
opening Flipkart
opening sd]]>
  </system-out>
</testsuite> <!-- E_commerce.amazon -->
