<?xml version="1.0" encoding="UTF-8"?>
<!-- Generated by org.testng.reporters.JUnitReportReporter -->
<testsuite hostname="Sunil" failures="0" tests="1" name="E_commerce.Flipkart" time="12.057" errors="0" timestamp="2023-08-29T20:47:00 IST" skipped="0">
  <testcase classname="E_commerce.Flipkart" name="FlipkartTest" time="12.057"/>
  <system-out>
opening Flipkart  </system-out>
</testsuite> <!-- E_commerce.Flipkart -->
