<?xml version="1.0" encoding="UTF-8"?>
<!-- Generated by org.testng.reporters.JUnitReportReporter -->
<testsuite hostname="Sunil" failures="0" tests="1" name="E_commerce.amazon" time="25.013" errors="0" timestamp="2023-08-29T20:47:00 IST" skipped="0">
  <testcase classname="E_commerce.amazon" name="amazontest" time="25.013"/>
  <system-out>
opening amazon  </system-out>
</testsuite> <!-- E_commerce.amazon -->
